<?xml version="1.0" encoding="UTF-8"?>
<!-- Generated by org.testng.reporters.JUnitXMLReporter -->
<testsuite ignored="0" hostname="Sandy" failures="0" tests="1" name="Default test" time="0.095" errors="0" timestamp="2021-11-27T16:46:47 IST">
  <testcase classname="Assignments.BaseTest" name="@BeforeTest LaunchBrowser" time="-1.638011807055E9">
    <failure type="org.testng.TestNGException" message="
Parameter &amp;apos;browser.name&amp;apos; is required by BeforeTest on method LaunchBrowser but has not been marked @Optional or defined
in C:\Users\Hp\AppData\Local\Temp\testng-eclipse-459543164\testng-customsuite.xml">
      <![CDATA[org.testng.TestNGException: 
Parameter 'browser.name' is required by BeforeTest on method LaunchBrowser but has not been marked @Optional or defined
in C:\Users\Hp\AppData\Local\Temp\testng-eclipse-459543164\testng-customsuite.xml
at org.testng.internal.Parameters.createParams(Parameters.java:270)
at org.testng.internal.Parameters.createParametersForMethod(Parameters.java:358)
at org.testng.internal.Parameters.createParameters(Parameters.java:700)
at org.testng.internal.Parameters.createConfigurationParameters(Parameters.java:168)
at org.testng.internal.ConfigInvoker.invokeConfigurations(ConfigInvoker.java:302)
at org.testng.TestRunner.invokeTestConfigurations(TestRunner.java:637)
at org.testng.TestRunner.beforeRun(TestRunner.java:627)
at org.testng.TestRunner.run(TestRunner.java:589)
at org.testng.SuiteRunner.runTest(SuiteRunner.java:377)
at org.testng.SuiteRunner.runSequentially(SuiteRunner.java:371)
at org.testng.SuiteRunner.privateRun(SuiteRunner.java:332)
at org.testng.SuiteRunner.run(SuiteRunner.java:276)
at org.testng.SuiteRunnerWorker.runSuite(SuiteRunnerWorker.java:53)
at org.testng.SuiteRunnerWorker.run(SuiteRunnerWorker.java:96)
at org.testng.TestNG.runSuitesSequentially(TestNG.java:1212)
at org.testng.TestNG.runSuitesLocally(TestNG.java:1134)
at org.testng.TestNG.runSuites(TestNG.java:1063)
at org.testng.TestNG.run(TestNG.java:1031)
at org.testng.remote.AbstractRemoteTestNG.run(AbstractRemoteTestNG.java:115)
at org.testng.remote.RemoteTestNG.initAndRun(RemoteTestNG.java:251)
at org.testng.remote.RemoteTestNG.main(RemoteTestNG.java:77)
]]>
    </failure>
  </testcase> <!-- @BeforeTest LaunchBrowser -->
  <testcase classname="Assignments.Assignment3" name="@BeforeClass LaunchApplicaiton" time="-1.638011807101E9">
    <skipped/>
  </testcase> <!-- @BeforeClass LaunchApplicaiton -->
  <testcase classname="Assignments.Assignment3" name="@BeforeMethod init" time="-1.638011807121E9">
    <skipped/>
  </testcase> <!-- @BeforeMethod init -->
  <testcase classname="Assignments.BaseTest" name="@AfterTest CloseBrowser" time="-1.638011807141E9">
    <skipped/>
  </testcase> <!-- @AfterTest CloseBrowser -->
  <testcase classname="Assignments.Assignment3" name="assignment3" time="0.0">
    <skipped/>
  </testcase> <!-- assignment3 -->
</testsuite> <!-- Default test -->
